# JRE version: Java(TM) SE Runtime Environment (8.0_161-b12) (build 1.8.0_161-b12)
# Java VM: Java HotSpot(TM) 64-Bit Server VM (25.161-b12 mixed mode windows-amd64 compressed oops)
Heap:
 PSYoungGen      total 1249792K, used 121248K [0x000000076b000000, 0x00000007c0000000, 0x00000007c0000000)
  eden space 1119232K, 0% used [0x000000076b000000,0x000000076b000000,0x00000007af500000)
  from space 130560K, 92% used [0x00000007b8080000,0x00000007bf6e8000,0x00000007c0000000)
  to   space 136704K, 0% used [0x00000007af500000,0x00000007af500000,0x00000007b7a80000)
 ParOldGen       total 1400832K, used 1396407K [0x00000006c1000000, 0x0000000716800000, 0x000000076b000000)
  object space 1400832K, 99% used [0x00000006c1000000,0x00000007163add98,0x0000000716800000)
 Metaspace       used 5236K, capacity 5412K, committed 5504K, reserved 1056768K
  class space    used 572K, capacity 632K, committed 640K, reserved 1048576K
GC Heap History (10 events):
Event: 16.677 GC heap after
Heap after GC invocations=89 (full 5):
 PSYoungGen      total 1271296K, used 99424K [0x000000076b000000, 0x00000007bff80000, 0x00000007c0000000)
  eden space 1151488K, 0% used [0x000000076b000000,0x000000076b000000,0x00000007b1480000)
  from space 119808K, 82% used [0x00000007b8a00000,0x00000007beb18000,0x00000007bff00000)
  to   space 120320K, 0% used [0x00000007b1480000,0x00000007b1480000,0x00000007b8a00000)
 ParOldGen       total 1400832K, used 1374127K [0x00000006c1000000, 0x0000000716800000, 0x000000076b000000)
  object space 1400832K, 98% used [0x00000006c1000000,0x0000000714debd98,0x0000000716800000)
 Metaspace       used 5236K, capacity 5412K, committed 5504K, reserved 1056768K
  class space    used 572K, capacity 632K, committed 640K, reserved 1048576K
}
Event: 16.859 GC heap before
{Heap before GC invocations=90 (full 5):
 PSYoungGen      total 1271296K, used 1250912K [0x000000076b000000, 0x00000007bff80000, 0x00000007c0000000)
  eden space 1151488K, 100% used [0x000000076b000000,0x00000007b1480000,0x00000007b1480000)
  from space 119808K, 82% used [0x00000007b8a00000,0x00000007beb18000,0x00000007bff00000)
  to   space 120320K, 0% used [0x00000007b1480000,0x00000007b1480000,0x00000007b8a00000)
 ParOldGen       total 1400832K, used 1374127K [0x00000006c1000000, 0x0000000716800000, 0x000000076b000000)
  object space 1400832K, 98% used [0x00000006c1000000,0x0000000714debd98,0x0000000716800000)
 Metaspace       used 5236K, capacity 5412K, committed 5504K, reserved 1056768K
  class space    used 572K, capacity 632K, committed 640K, reserved 1048576K
Event: 16.892 GC heap after
Heap after GC invocations=90 (full 5):
 PSYoungGen      total 1256448K, used 104896K [0x000000076b000000, 0x00000007c0000000, 0x00000007c0000000)
  eden space 1151488K, 0% used [0x000000076b000000,0x000000076b000000,0x00000007b1480000)
  from space 104960K, 99% used [0x00000007b1480000,0x00000007b7af0000,0x00000007b7b00000)
  to   space 122368K, 0% used [0x00000007b8880000,0x00000007b8880000,0x00000007c0000000)
 ParOldGen       total 1400832K, used 1379527K [0x00000006c1000000, 0x0000000716800000, 0x000000076b000000)
  object space 1400832K, 98% used [0x00000006c1000000,0x0000000715331d98,0x0000000716800000)
 Metaspace       used 5236K, capacity 5412K, committed 5504K, reserved 1056768K
  class space    used 572K, capacity 632K, committed 640K, reserved 1048576K
}
Event: 17.074 GC heap before
{Heap before GC invocations=91 (full 5):
 PSYoungGen      total 1256448K, used 1256384K [0x000000076b000000, 0x00000007c0000000, 0x00000007c0000000)
  eden space 1151488K, 100% used [0x000000076b000000,0x00000007b1480000,0x00000007b1480000)
  from space 104960K, 99% used [0x00000007b1480000,0x00000007b7af0000,0x00000007b7b00000)
  to   space 122368K, 0% used [0x00000007b8880000,0x00000007b8880000,0x00000007c0000000)
 ParOldGen       total 1400832K, used 1379527K [0x00000006c1000000, 0x0000000716800000, 0x000000076b000000)
  object space 1400832K, 98% used [0x00000006c1000000,0x0000000715331d98,0x0000000716800000)
 Metaspace       used 5236K, capacity 5412K, committed 5504K, reserved 1056768K
  class space    used 572K, capacity 632K, committed 640K, reserved 1048576K
Event: 17.110 GC heap after
Heap after GC invocations=91 (full 5):
 PSYoungGen      total 1263104K, used 110624K [0x000000076b000000, 0x00000007c0000000, 0x00000007c0000000)
  eden space 1140736K, 0% used [0x000000076b000000,0x000000076b000000,0x00000007b0a00000)
  from space 122368K, 90% used [0x00000007b8880000,0x00000007bf488000,0x00000007c0000000)
  to   space 125952K, 0% used [0x00000007b0a00000,0x00000007b0a00000,0x00000007b8500000)
 ParOldGen       total 1400832K, used 1384831K [0x00000006c1000000, 0x0000000716800000, 0x000000076b000000)
  object space 1400832K, 98% used [0x00000006c1000000,0x000000071585fd98,0x0000000716800000)
 Metaspace       used 5236K, capacity 5412K, committed 5504K, reserved 1056768K
  class space    used 572K, capacity 632K, committed 640K, reserved 1048576K
}
Event: 17.291 GC heap before
{Heap before GC invocations=92 (full 5):
 PSYoungGen      total 1263104K, used 1251360K [0x000000076b000000, 0x00000007c0000000, 0x00000007c0000000)
  eden space 1140736K, 100% used [0x000000076b000000,0x00000007b0a00000,0x00000007b0a00000)
  from space 122368K, 90% used [0x00000007b8880000,0x00000007bf488000,0x00000007c0000000)
  to   space 125952K, 0% used [0x00000007b0a00000,0x00000007b0a00000,0x00000007b8500000)
 ParOldGen       total 1400832K, used 1384831K [0x00000006c1000000, 0x0000000716800000, 0x000000076b000000)
  object space 1400832K, 98% used [0x00000006c1000000,0x000000071585fd98,0x0000000716800000)
 Metaspace       used 5236K, capacity 5412K, committed 5504K, reserved 1056768K
  class space    used 572K, capacity 632K, committed 640K, reserved 1048576K
Event: 17.327 GC heap after
Heap after GC invocations=92 (full 5):
 PSYoungGen      total 1256960K, used 115776K [0x000000076b000000, 0x00000007c0000000, 0x00000007c0000000)
  eden space 1140736K, 0% used [0x000000076b000000,0x000000076b000000,0x00000007b0a00000)
  from space 116224K, 99% used [0x00000007b0a00000,0x00000007b7b10000,0x00000007b7b80000)
  to   space 130560K, 0% used [0x00000007b8080000,0x00000007b8080000,0x00000007c0000000)
 ParOldGen       total 1400832K, used 1390559K [0x00000006c1000000, 0x0000000716800000, 0x000000076b000000)
  object space 1400832K, 99% used [0x00000006c1000000,0x0000000715df7d98,0x0000000716800000)
 Metaspace       used 5236K, capacity 5412K, committed 5504K, reserved 1056768K
  class space    used 572K, capacity 632K, committed 640K, reserved 1048576K
}
Event: 17.508 GC heap before
{Heap before GC invocations=93 (full 5):
 PSYoungGen      total 1256960K, used 1256512K [0x000000076b000000, 0x00000007c0000000, 0x00000007c0000000)
  eden space 1140736K, 100% used [0x000000076b000000,0x00000007b0a00000,0x00000007b0a00000)
  from space 116224K, 99% used [0x00000007b0a00000,0x00000007b7b10000,0x00000007b7b80000)
  to   space 130560K, 0% used [0x00000007b8080000,0x00000007b8080000,0x00000007c0000000)
 ParOldGen       total 1400832K, used 1390559K [0x00000006c1000000, 0x0000000716800000, 0x000000076b000000)
  object space 1400832K, 99% used [0x00000006c1000000,0x0000000715df7d98,0x0000000716800000)
 Metaspace       used 5236K, capacity 5412K, committed 5504K, reserved 1056768K
  class space    used 572K, capacity 632K, committed 640K, reserved 1048576K
Event: 17.546 GC heap after
Heap after GC invocations=93 (full 5):
 PSYoungGen      total 1249792K, used 121248K [0x000000076b000000, 0x00000007c0000000, 0x00000007c0000000)
  eden space 1119232K, 0% used [0x000000076b000000,0x000000076b000000,0x00000007af500000)
  from space 130560K, 92% used [0x00000007b8080000,0x00000007bf6e8000,0x00000007c0000000)
  to   space 136704K, 0% used [0x00000007af500000,0x00000007af500000,0x00000007b7a80000)
 ParOldGen       total 1400832K, used 1396407K [0x00000006c1000000, 0x0000000716800000, 0x000000076b000000)
  object space 1400832K, 99% used [0x00000006c1000000,0x00000007163add98,0x0000000716800000)
 Metaspace       used 5236K, capacity 5412K, committed 5504K, reserved 1056768K
  class space    used 572K, capacity 632K, committed 640K, reserved 1048576K
}
Event: 17.546 GC heap before
{Heap before GC invocations=94 (full 6):
 PSYoungGen      total 1249792K, used 121248K [0x000000076b000000, 0x00000007c0000000, 0x00000007c0000000)
  eden space 1119232K, 0% used [0x000000076b000000,0x000000076b000000,0x00000007af500000)
  from space 130560K, 92% used [0x00000007b8080000,0x00000007bf6e8000,0x00000007c0000000)
  to   space 136704K, 0% used [0x00000007af500000,0x00000007af500000,0x00000007b7a80000)
 ParOldGen       total 1400832K, used 1396407K [0x00000006c1000000, 0x0000000716800000, 0x000000076b000000)
  object space 1400832K, 99% used [0x00000006c1000000,0x00000007163add98,0x0000000716800000)
 Metaspace       used 5236K, capacity 5412K, committed 5504K, reserved 1056768K
  class space    used 572K, capacity 632K, committed 640K, reserved 1048576K

