# JRE version: Java(TM) SE Runtime Environment (8.0_161-b12) (build 1.8.0_161-b12)
# Java VM: Java HotSpot(TM) 64-Bit Server VM (25.161-b12 mixed mode windows-amd64 compressed oops)
Heap:
 PSYoungGen      total 1019904K, used 665088K [0x000000076b000000, 0x00000007bfd00000, 0x00000007c0000000)
  eden space 665088K, 100% used [0x000000076b000000,0x0000000793980000,0x0000000793980000)
  from space 354816K, 0% used [0x00000007a9480000,0x00000007a9480000,0x00000007bef00000)
  to   space 355328K, 0% used [0x0000000793980000,0x0000000793980000,0x00000007a9480000)
 ParOldGen       total 2785280K, used 2785255K [0x00000006c1000000, 0x000000076b000000, 0x000000076b000000)
  object space 2785280K, 99% used [0x00000006c1000000,0x000000076aff9c90,0x000000076b000000)
 Metaspace       used 5238K, capacity 5412K, committed 5504K, reserved 1056768K
  class space    used 572K, capacity 632K, committed 640K, reserved 1048576K
GC Heap History (10 events):
Event: 69.827 GC heap after
Heap after GC invocations=184 (full 28):
 PSYoungGen      total 1019904K, used 527074K [0x000000076b000000, 0x00000007bfd00000, 0x00000007c0000000)
  eden space 665088K, 79% used [0x000000076b000000,0x000000078b2b8b50,0x0000000793980000)
  from space 354816K, 0% used [0x00000007a9480000,0x00000007a9480000,0x00000007bef00000)
  to   space 355328K, 0% used [0x0000000793980000,0x0000000793980000,0x00000007a9480000)
 ParOldGen       total 2785280K, used 2785255K [0x00000006c1000000, 0x000000076b000000, 0x000000076b000000)
  object space 2785280K, 99% used [0x00000006c1000000,0x000000076aff9c90,0x000000076b000000)
 Metaspace       used 5238K, capacity 5412K, committed 5504K, reserved 1056768K
  class space    used 572K, capacity 632K, committed 640K, reserved 1048576K
}
Event: 69.864 GC heap before
{Heap before GC invocations=185 (full 29):
 PSYoungGen      total 1019904K, used 665088K [0x000000076b000000, 0x00000007bfd00000, 0x00000007c0000000)
  eden space 665088K, 100% used [0x000000076b000000,0x0000000793980000,0x0000000793980000)
  from space 354816K, 0% used [0x00000007a9480000,0x00000007a9480000,0x00000007bef00000)
  to   space 355328K, 0% used [0x0000000793980000,0x0000000793980000,0x00000007a9480000)
 ParOldGen       total 2785280K, used 2785255K [0x00000006c1000000, 0x000000076b000000, 0x000000076b000000)
  object space 2785280K, 99% used [0x00000006c1000000,0x000000076aff9c90,0x000000076b000000)
 Metaspace       used 5238K, capacity 5412K, committed 5504K, reserved 1056768K
  class space    used 572K, capacity 632K, committed 640K, reserved 1048576K
Event: 71.237 GC heap after
Heap after GC invocations=185 (full 29):
 PSYoungGen      total 1019904K, used 537132K [0x000000076b000000, 0x00000007bfd00000, 0x00000007c0000000)
  eden space 665088K, 80% used [0x000000076b000000,0x000000078bc8b1e0,0x0000000793980000)
  from space 354816K, 0% used [0x00000007a9480000,0x00000007a9480000,0x00000007bef00000)
  to   space 355328K, 0% used [0x0000000793980000,0x0000000793980000,0x00000007a9480000)
 ParOldGen       total 2785280K, used 2785255K [0x00000006c1000000, 0x000000076b000000, 0x000000076b000000)
  object space 2785280K, 99% used [0x00000006c1000000,0x000000076aff9c90,0x000000076b000000)
 Metaspace       used 5238K, capacity 5412K, committed 5504K, reserved 1056768K
  class space    used 572K, capacity 632K, committed 640K, reserved 1048576K
}
Event: 71.271 GC heap before
{Heap before GC invocations=186 (full 30):
 PSYoungGen      total 1019904K, used 665088K [0x000000076b000000, 0x00000007bfd00000, 0x00000007c0000000)
  eden space 665088K, 100% used [0x000000076b000000,0x0000000793980000,0x0000000793980000)
  from space 354816K, 0% used [0x00000007a9480000,0x00000007a9480000,0x00000007bef00000)
  to   space 355328K, 0% used [0x0000000793980000,0x0000000793980000,0x00000007a9480000)
 ParOldGen       total 2785280K, used 2785255K [0x00000006c1000000, 0x000000076b000000, 0x000000076b000000)
  object space 2785280K, 99% used [0x00000006c1000000,0x000000076aff9c90,0x000000076b000000)
 Metaspace       used 5238K, capacity 5412K, committed 5504K, reserved 1056768K
  class space    used 572K, capacity 632K, committed 640K, reserved 1048576K
Event: 72.714 GC heap after
Heap after GC invocations=186 (full 30):
 PSYoungGen      total 1019904K, used 546465K [0x000000076b000000, 0x00000007bfd00000, 0x00000007c0000000)
  eden space 665088K, 82% used [0x000000076b000000,0x000000078c5a8490,0x0000000793980000)
  from space 354816K, 0% used [0x00000007a9480000,0x00000007a9480000,0x00000007bef00000)
  to   space 355328K, 0% used [0x0000000793980000,0x0000000793980000,0x00000007a9480000)
 ParOldGen       total 2785280K, used 2785255K [0x00000006c1000000, 0x000000076b000000, 0x000000076b000000)
  object space 2785280K, 99% used [0x00000006c1000000,0x000000076aff9c90,0x000000076b000000)
 Metaspace       used 5238K, capacity 5412K, committed 5504K, reserved 1056768K
  class space    used 572K, capacity 632K, committed 640K, reserved 1048576K
}
Event: 72.746 GC heap before
{Heap before GC invocations=187 (full 31):
 PSYoungGen      total 1019904K, used 665088K [0x000000076b000000, 0x00000007bfd00000, 0x00000007c0000000)
  eden space 665088K, 100% used [0x000000076b000000,0x0000000793980000,0x0000000793980000)
  from space 354816K, 0% used [0x00000007a9480000,0x00000007a9480000,0x00000007bef00000)
  to   space 355328K, 0% used [0x0000000793980000,0x0000000793980000,0x00000007a9480000)
 ParOldGen       total 2785280K, used 2785255K [0x00000006c1000000, 0x000000076b000000, 0x000000076b000000)
  object space 2785280K, 99% used [0x00000006c1000000,0x000000076aff9c90,0x000000076b000000)
 Metaspace       used 5238K, capacity 5412K, committed 5504K, reserved 1056768K
  class space    used 572K, capacity 632K, committed 640K, reserved 1048576K
Event: 74.186 GC heap after
Heap after GC invocations=187 (full 31):
 PSYoungGen      total 1019904K, used 555115K [0x000000076b000000, 0x00000007bfd00000, 0x00000007c0000000)
  eden space 665088K, 83% used [0x000000076b000000,0x000000078ce1af50,0x0000000793980000)
  from space 354816K, 0% used [0x00000007a9480000,0x00000007a9480000,0x00000007bef00000)
  to   space 355328K, 0% used [0x0000000793980000,0x0000000793980000,0x00000007a9480000)
 ParOldGen       total 2785280K, used 2785255K [0x00000006c1000000, 0x000000076b000000, 0x000000076b000000)
  object space 2785280K, 99% used [0x00000006c1000000,0x000000076aff9c90,0x000000076b000000)
 Metaspace       used 5238K, capacity 5412K, committed 5504K, reserved 1056768K
  class space    used 572K, capacity 632K, committed 640K, reserved 1048576K
}
Event: 74.216 GC heap before
{Heap before GC invocations=188 (full 32):
 PSYoungGen      total 1019904K, used 665088K [0x000000076b000000, 0x00000007bfd00000, 0x00000007c0000000)
  eden space 665088K, 100% used [0x000000076b000000,0x0000000793980000,0x0000000793980000)
  from space 354816K, 0% used [0x00000007a9480000,0x00000007a9480000,0x00000007bef00000)
  to   space 355328K, 0% used [0x0000000793980000,0x0000000793980000,0x00000007a9480000)
 ParOldGen       total 2785280K, used 2785255K [0x00000006c1000000, 0x000000076b000000, 0x000000076b000000)
  object space 2785280K, 99% used [0x00000006c1000000,0x000000076aff9c90,0x000000076b000000)
 Metaspace       used 5238K, capacity 5412K, committed 5504K, reserved 1056768K
  class space    used 572K, capacity 632K, committed 640K, reserved 1048576K
Event: 75.565 GC heap after
Heap after GC invocations=188 (full 32):
 PSYoungGen      total 1019904K, used 563142K [0x000000076b000000, 0x00000007bfd00000, 0x00000007c0000000)
  eden space 665088K, 84% used [0x000000076b000000,0x000000078d5f18f0,0x0000000793980000)
  from space 354816K, 0% used [0x00000007a9480000,0x00000007a9480000,0x00000007bef00000)
  to   space 355328K, 0% used [0x0000000793980000,0x0000000793980000,0x00000007a9480000)
 ParOldGen       total 2785280K, used 2785255K [0x00000006c1000000, 0x000000076b000000, 0x000000076b000000)
  object space 2785280K, 99% used [0x00000006c1000000,0x000000076aff9c90,0x000000076b000000)
 Metaspace       used 5238K, capacity 5412K, committed 5504K, reserved 1056768K
  class space    used 572K, capacity 632K, committed 640K, reserved 1048576K
}
Event: 75.592 GC heap before
{Heap before GC invocations=189 (full 33):
 PSYoungGen      total 1019904K, used 665088K [0x000000076b000000, 0x00000007bfd00000, 0x00000007c0000000)
  eden space 665088K, 100% used [0x000000076b000000,0x0000000793980000,0x0000000793980000)
  from space 354816K, 0% used [0x00000007a9480000,0x00000007a9480000,0x00000007bef00000)
  to   space 355328K, 0% used [0x0000000793980000,0x0000000793980000,0x00000007a9480000)
 ParOldGen       total 2785280K, used 2785255K [0x00000006c1000000, 0x000000076b000000, 0x000000076b000000)
  object space 2785280K, 99% used [0x00000006c1000000,0x000000076aff9c90,0x000000076b000000)
 Metaspace       used 5238K, capacity 5412K, committed 5504K, reserved 1056768K
  class space    used 572K, capacity 632K, committed 640K, reserved 1048576K

