# JRE version: Java(TM) SE Runtime Environment (8.0_161-b12) (build 1.8.0_161-b12)
# Java VM: Java HotSpot(TM) 64-Bit Server VM (25.161-b12 mixed mode windows-amd64 compressed oops)
Heap:
 PSYoungGen      total 776704K, used 620544K [0x000000076b000000, 0x00000007bc780000, 0x00000007c0000000)
  eden space 620544K, 100% used [0x000000076b000000,0x0000000790e00000,0x0000000790e00000)
  from space 156160K, 0% used [0x0000000790e00000,0x0000000790e00000,0x000000079a680000)
  to   space 350208K, 2% used [0x00000007a7180000,0x00000007a79033b0,0x00000007bc780000)
 ParOldGen       total 2785280K, used 2666925K [0x00000006c1000000, 0x000000076b000000, 0x000000076b000000)
  object space 2785280K, 95% used [0x00000006c1000000,0x0000000763c6b758,0x000000076b000000)
 Metaspace       used 5516K, capacity 5702K, committed 5888K, reserved 1056768K
  class space    used 601K, capacity 666K, committed 768K, reserved 1048576K
GC Heap History (10 events):
Event: 113.638 GC heap after
Heap after GC invocations=213 (full 71):
 PSYoungGen      total 776704K, used 620479K [0x000000076b000000, 0x00000007bc780000, 0x00000007c0000000)
  eden space 620544K, 99% used [0x000000076b000000,0x0000000790deff30,0x0000000790e00000)
  from space 156160K, 0% used [0x0000000790e00000,0x0000000790e00000,0x000000079a680000)
  to   space 350208K, 2% used [0x00000007a7180000,0x00000007a79033b0,0x00000007bc780000)
 ParOldGen       total 2785280K, used 2666925K [0x00000006c1000000, 0x000000076b000000, 0x000000076b000000)
  object space 2785280K, 95% used [0x00000006c1000000,0x0000000763c6b758,0x000000076b000000)
 Metaspace       used 5516K, capacity 5702K, committed 5888K, reserved 1056768K
  class space    used 601K, capacity 666K, committed 768K, reserved 1048576K
}
Event: 113.638 GC heap before
{Heap before GC invocations=214 (full 72):
 PSYoungGen      total 776704K, used 620544K [0x000000076b000000, 0x00000007bc780000, 0x00000007c0000000)
  eden space 620544K, 100% used [0x000000076b000000,0x0000000790e00000,0x0000000790e00000)
  from space 156160K, 0% used [0x0000000790e00000,0x0000000790e00000,0x000000079a680000)
  to   space 350208K, 2% used [0x00000007a7180000,0x00000007a79033b0,0x00000007bc780000)
 ParOldGen       total 2785280K, used 2666925K [0x00000006c1000000, 0x000000076b000000, 0x000000076b000000)
  object space 2785280K, 95% used [0x00000006c1000000,0x0000000763c6b758,0x000000076b000000)
 Metaspace       used 5516K, capacity 5702K, committed 5888K, reserved 1056768K
  class space    used 601K, capacity 666K, committed 768K, reserved 1048576K
Event: 114.841 GC heap after
Heap after GC invocations=214 (full 72):
 PSYoungGen      total 776704K, used 620479K [0x000000076b000000, 0x00000007bc780000, 0x00000007c0000000)
  eden space 620544K, 99% used [0x000000076b000000,0x0000000790deff30,0x0000000790e00000)
  from space 156160K, 0% used [0x0000000790e00000,0x0000000790e00000,0x000000079a680000)
  to   space 350208K, 2% used [0x00000007a7180000,0x00000007a79033b0,0x00000007bc780000)
 ParOldGen       total 2785280K, used 2666925K [0x00000006c1000000, 0x000000076b000000, 0x000000076b000000)
  object space 2785280K, 95% used [0x00000006c1000000,0x0000000763c6b758,0x000000076b000000)
 Metaspace       used 5516K, capacity 5702K, committed 5888K, reserved 1056768K
  class space    used 601K, capacity 666K, committed 768K, reserved 1048576K
}
Event: 114.841 GC heap before
{Heap before GC invocations=215 (full 73):
 PSYoungGen      total 776704K, used 620544K [0x000000076b000000, 0x00000007bc780000, 0x00000007c0000000)
  eden space 620544K, 100% used [0x000000076b000000,0x0000000790e00000,0x0000000790e00000)
  from space 156160K, 0% used [0x0000000790e00000,0x0000000790e00000,0x000000079a680000)
  to   space 350208K, 2% used [0x00000007a7180000,0x00000007a79033b0,0x00000007bc780000)
 ParOldGen       total 2785280K, used 2666925K [0x00000006c1000000, 0x000000076b000000, 0x000000076b000000)
  object space 2785280K, 95% used [0x00000006c1000000,0x0000000763c6b758,0x000000076b000000)
 Metaspace       used 5516K, capacity 5702K, committed 5888K, reserved 1056768K
  class space    used 601K, capacity 666K, committed 768K, reserved 1048576K
Event: 115.997 GC heap after
Heap after GC invocations=215 (full 73):
 PSYoungGen      total 776704K, used 620479K [0x000000076b000000, 0x00000007bc780000, 0x00000007c0000000)
  eden space 620544K, 99% used [0x000000076b000000,0x0000000790deff30,0x0000000790e00000)
  from space 156160K, 0% used [0x0000000790e00000,0x0000000790e00000,0x000000079a680000)
  to   space 350208K, 2% used [0x00000007a7180000,0x00000007a79033b0,0x00000007bc780000)
 ParOldGen       total 2785280K, used 2666925K [0x00000006c1000000, 0x000000076b000000, 0x000000076b000000)
  object space 2785280K, 95% used [0x00000006c1000000,0x0000000763c6b758,0x000000076b000000)
 Metaspace       used 5516K, capacity 5702K, committed 5888K, reserved 1056768K
  class space    used 601K, capacity 666K, committed 768K, reserved 1048576K
}
Event: 115.997 GC heap before
{Heap before GC invocations=216 (full 74):
 PSYoungGen      total 776704K, used 620544K [0x000000076b000000, 0x00000007bc780000, 0x00000007c0000000)
  eden space 620544K, 100% used [0x000000076b000000,0x0000000790e00000,0x0000000790e00000)
  from space 156160K, 0% used [0x0000000790e00000,0x0000000790e00000,0x000000079a680000)
  to   space 350208K, 2% used [0x00000007a7180000,0x00000007a79033b0,0x00000007bc780000)
 ParOldGen       total 2785280K, used 2666925K [0x00000006c1000000, 0x000000076b000000, 0x000000076b000000)
  object space 2785280K, 95% used [0x00000006c1000000,0x0000000763c6b758,0x000000076b000000)
 Metaspace       used 5516K, capacity 5702K, committed 5888K, reserved 1056768K
  class space    used 601K, capacity 666K, committed 768K, reserved 1048576K
Event: 117.231 GC heap after
Heap after GC invocations=216 (full 74):
 PSYoungGen      total 776704K, used 620479K [0x000000076b000000, 0x00000007bc780000, 0x00000007c0000000)
  eden space 620544K, 99% used [0x000000076b000000,0x0000000790deff30,0x0000000790e00000)
  from space 156160K, 0% used [0x0000000790e00000,0x0000000790e00000,0x000000079a680000)
  to   space 350208K, 2% used [0x00000007a7180000,0x00000007a79033b0,0x00000007bc780000)
 ParOldGen       total 2785280K, used 2666925K [0x00000006c1000000, 0x000000076b000000, 0x000000076b000000)
  object space 2785280K, 95% used [0x00000006c1000000,0x0000000763c6b758,0x000000076b000000)
 Metaspace       used 5516K, capacity 5702K, committed 5888K, reserved 1056768K
  class space    used 601K, capacity 666K, committed 768K, reserved 1048576K
}
Event: 117.231 GC heap before
{Heap before GC invocations=217 (full 75):
 PSYoungGen      total 776704K, used 620544K [0x000000076b000000, 0x00000007bc780000, 0x00000007c0000000)
  eden space 620544K, 100% used [0x000000076b000000,0x0000000790e00000,0x0000000790e00000)
  from space 156160K, 0% used [0x0000000790e00000,0x0000000790e00000,0x000000079a680000)
  to   space 350208K, 2% used [0x00000007a7180000,0x00000007a79033b0,0x00000007bc780000)
 ParOldGen       total 2785280K, used 2666925K [0x00000006c1000000, 0x000000076b000000, 0x000000076b000000)
  object space 2785280K, 95% used [0x00000006c1000000,0x0000000763c6b758,0x000000076b000000)
 Metaspace       used 5516K, capacity 5702K, committed 5888K, reserved 1056768K
  class space    used 601K, capacity 666K, committed 768K, reserved 1048576K
Event: 118.449 GC heap after
Heap after GC invocations=217 (full 75):
 PSYoungGen      total 776704K, used 620479K [0x000000076b000000, 0x00000007bc780000, 0x00000007c0000000)
  eden space 620544K, 99% used [0x000000076b000000,0x0000000790deff30,0x0000000790e00000)
  from space 156160K, 0% used [0x0000000790e00000,0x0000000790e00000,0x000000079a680000)
  to   space 350208K, 2% used [0x00000007a7180000,0x00000007a79033b0,0x00000007bc780000)
 ParOldGen       total 2785280K, used 2666925K [0x00000006c1000000, 0x000000076b000000, 0x000000076b000000)
  object space 2785280K, 95% used [0x00000006c1000000,0x0000000763c6b758,0x000000076b000000)
 Metaspace       used 5516K, capacity 5702K, committed 5888K, reserved 1056768K
  class space    used 601K, capacity 666K, committed 768K, reserved 1048576K
}
Event: 118.449 GC heap before
{Heap before GC invocations=218 (full 76):
 PSYoungGen      total 776704K, used 620544K [0x000000076b000000, 0x00000007bc780000, 0x00000007c0000000)
  eden space 620544K, 100% used [0x000000076b000000,0x0000000790e00000,0x0000000790e00000)
  from space 156160K, 0% used [0x0000000790e00000,0x0000000790e00000,0x000000079a680000)
  to   space 350208K, 2% used [0x00000007a7180000,0x00000007a79033b0,0x00000007bc780000)
 ParOldGen       total 2785280K, used 2666925K [0x00000006c1000000, 0x000000076b000000, 0x000000076b000000)
  object space 2785280K, 95% used [0x00000006c1000000,0x0000000763c6b758,0x000000076b000000)
 Metaspace       used 5516K, capacity 5702K, committed 5888K, reserved 1056768K
  class space    used 601K, capacity 666K, committed 768K, reserved 1048576K

